<?xml version="1.0" encoding="UTF-8"?>
<!-- Generated by org.testng.reporters.JUnitReportReporter -->
<testsuite hostname="SVCWFF062" name="com.travelsite.selenium.DemoMavenJava" tests="1" failures="0" timestamp="5 Jun 2018 16:58:36 GMT" time="0.008" errors="0">
  <testcase name="TestHello" time="0.008" classname="com.travelsite.selenium.DemoMavenJava"/>
</testsuite> <!-- com.travelsite.selenium.DemoMavenJava -->
